2023-09-10T15:45:04.459+03:00  INFO 28657 --- [restartedMain] com.dns.admin.DnsBackendApplication      : Starting DnsBackendApplication using Java 17.0.3 with PID 28657 (/Users/valeriali/IdeaProjects/TechnoShopProject/DNSWebParent/DNSBackend/target/classes started by valeriali in /Users/valeriali/IdeaProjects/TechnoShopProject)
2023-09-10T15:45:04.460+03:00  INFO 28657 --- [restartedMain] com.dns.admin.DnsBackendApplication      : No active profile set, falling back to 1 default profile: "default"
2023-09-10T15:45:04.485+03:00  INFO 28657 --- [restartedMain] .e.DevToolsPropertyDefaultsPostProcessor : Devtools property defaults active! Set 'spring.devtools.add-properties' to 'false' to disable
2023-09-10T15:45:04.485+03:00  INFO 28657 --- [restartedMain] .e.DevToolsPropertyDefaultsPostProcessor : For additional web related logging consider setting the 'logging.level.web' property to 'DEBUG'
2023-09-10T15:45:04.841+03:00  INFO 28657 --- [restartedMain] .s.d.r.c.RepositoryConfigurationDelegate : Bootstrapping Spring Data JPA repositories in DEFAULT mode.
2023-09-10T15:45:04.871+03:00  INFO 28657 --- [restartedMain] .s.d.r.c.RepositoryConfigurationDelegate : Finished Spring Data repository scanning in 25 ms. Found 2 JPA repository interfaces.
2023-09-10T15:45:05.224+03:00  INFO 28657 --- [restartedMain] o.s.b.w.embedded.tomcat.TomcatWebServer  : Tomcat initialized with port(s): 8080 (http)
2023-09-10T15:45:05.230+03:00  INFO 28657 --- [restartedMain] o.apache.catalina.core.StandardService   : Starting service [Tomcat]
2023-09-10T15:45:05.231+03:00  INFO 28657 --- [restartedMain] o.apache.catalina.core.StandardEngine    : Starting Servlet engine: [Apache Tomcat/10.1.12]
2023-09-10T15:45:05.266+03:00  INFO 28657 --- [restartedMain] o.a.c.c.C.[.[localhost].[/DnsAdmin]      : Initializing Spring embedded WebApplicationContext
2023-09-10T15:45:05.267+03:00  INFO 28657 --- [restartedMain] w.s.c.ServletWebServerApplicationContext : Root WebApplicationContext: initialization completed in 782 ms
2023-09-10T15:45:05.296+03:00 DEBUG 28657 --- [restartedMain] o.s.w.s.r.ResourceUrlEncodingFilter      : Filter 'resourceUrlEncodingFilter' configured for use
2023-09-10T15:45:05.361+03:00  INFO 28657 --- [restartedMain] o.hibernate.jpa.internal.util.LogHelper  : HHH000204: Processing PersistenceUnitInfo [name: default]
2023-09-10T15:45:05.397+03:00  INFO 28657 --- [restartedMain] org.hibernate.Version                    : HHH000412: Hibernate ORM core version 6.2.7.Final
2023-09-10T15:45:05.398+03:00  INFO 28657 --- [restartedMain] org.hibernate.cfg.Environment            : HHH000406: Using bytecode reflection optimizer
2023-09-10T15:45:05.489+03:00  INFO 28657 --- [restartedMain] o.h.b.i.BytecodeProviderInitiator        : HHH000021: Bytecode provider name : bytebuddy
2023-09-10T15:45:05.566+03:00  INFO 28657 --- [restartedMain] o.s.o.j.p.SpringPersistenceUnitInfo      : No LoadTimeWeaver setup: ignoring JPA class transformer
2023-09-10T15:45:05.577+03:00  INFO 28657 --- [restartedMain] com.zaxxer.hikari.HikariDataSource       : HikariPool-1 - Starting...
2023-09-10T15:45:05.853+03:00  INFO 28657 --- [restartedMain] com.zaxxer.hikari.pool.HikariPool        : HikariPool-1 - Added connection com.mysql.cj.jdbc.ConnectionImpl@56762afb
2023-09-10T15:45:05.854+03:00  INFO 28657 --- [restartedMain] com.zaxxer.hikari.HikariDataSource       : HikariPool-1 - Start completed.
2023-09-10T15:45:06.046+03:00  INFO 28657 --- [restartedMain] o.h.b.i.BytecodeProviderInitiator        : HHH000021: Bytecode provider name : bytebuddy
2023-09-10T15:45:06.480+03:00  INFO 28657 --- [restartedMain] o.h.e.t.j.p.i.JtaPlatformInitiator       : HHH000490: Using JtaPlatform implementation: [org.hibernate.engine.transaction.jta.platform.internal.NoJtaPlatform]
2023-09-10T15:45:06.571+03:00  INFO 28657 --- [restartedMain] j.LocalContainerEntityManagerFactoryBean : Initialized JPA EntityManagerFactory for persistence unit 'default'
2023-09-10T15:45:06.797+03:00  WARN 28657 --- [restartedMain] JpaBaseConfiguration$JpaWebConfiguration : spring.jpa.open-in-view is enabled by default. Therefore, database queries may be performed during view rendering. Explicitly configure spring.jpa.open-in-view to disable this warning
2023-09-10T15:45:06.809+03:00  WARN 28657 --- [restartedMain] .s.s.UserDetailsServiceAutoConfiguration : 

Using generated security password: 5c834756-69c2-4cab-9bc9-be8306d6daea

This generated password is for development use only. Your security configuration must be updated before running your application in production.

2023-09-10T15:45:06.865+03:00  INFO 28657 --- [restartedMain] o.s.s.web.DefaultSecurityFilterChain     : Will secure any request with [org.springframework.security.web.session.DisableEncodeUrlFilter@78869fb3, org.springframework.security.web.context.request.async.WebAsyncManagerIntegrationFilter@364aaf80, org.springframework.security.web.context.SecurityContextHolderFilter@22eff3fa, org.springframework.security.web.header.HeaderWriterFilter@627d0f93, org.springframework.security.web.csrf.CsrfFilter@4d75242e, org.springframework.security.web.authentication.logout.LogoutFilter@31a7d08c, org.springframework.security.web.savedrequest.RequestCacheAwareFilter@435ed5ae, org.springframework.security.web.servletapi.SecurityContextHolderAwareRequestFilter@f6b95ae, org.springframework.security.web.authentication.AnonymousAuthenticationFilter@27e434d2, org.springframework.security.web.access.ExceptionTranslationFilter@49720f15, org.springframework.security.web.access.intercept.AuthorizationFilter@186acd1e]
2023-09-10T15:45:06.938+03:00 DEBUG 28657 --- [restartedMain] s.w.s.m.m.a.RequestMappingHandlerAdapter : ControllerAdvice beans: 0 @ModelAttribute, 0 @InitBinder, 1 RequestBodyAdvice, 1 ResponseBodyAdvice
2023-09-10T15:45:06.961+03:00  INFO 28657 --- [restartedMain] o.s.b.a.w.s.WelcomePageHandlerMapping    : Adding welcome page template: index
2023-09-10T15:45:06.990+03:00 DEBUG 28657 --- [restartedMain] s.w.s.m.m.a.RequestMappingHandlerMapping : 7 mappings in 'requestMappingHandlerMapping'
2023-09-10T15:45:07.194+03:00 DEBUG 28657 --- [restartedMain] o.s.w.s.handler.SimpleUrlHandlerMapping  : Patterns [/webjars/**, /**] in 'resourceHandlerMapping'
2023-09-10T15:45:07.201+03:00 DEBUG 28657 --- [restartedMain] .m.m.a.ExceptionHandlerExceptionResolver : ControllerAdvice beans: 0 @ExceptionHandler, 1 ResponseBodyAdvice
2023-09-10T15:45:07.276+03:00  INFO 28657 --- [restartedMain] o.s.b.d.a.OptionalLiveReloadServer       : LiveReload server is running on port 35729
2023-09-10T15:45:07.300+03:00  INFO 28657 --- [restartedMain] o.s.b.w.embedded.tomcat.TomcatWebServer  : Tomcat started on port(s): 8080 (http) with context path '/DnsAdmin'
2023-09-10T15:45:07.307+03:00  INFO 28657 --- [restartedMain] com.dns.admin.DnsBackendApplication      : Started DnsBackendApplication in 3.078 seconds (process running for 3.766)
2023-09-10T15:50:46.287+03:00  INFO 28657 --- [http-nio-8080-exec-1] o.apache.coyote.http11.Http11Processor   : Error parsing HTTP request header
 Note: further occurrences of HTTP request parsing errors will be logged at DEBUG level.

java.lang.IllegalArgumentException: Invalid character found in the HTTP protocol [cd ]
	at org.apache.coyote.http11.Http11InputBuffer.parseRequestLine(Http11InputBuffer.java:558) ~[tomcat-embed-core-10.1.12.jar:10.1.12]
	at org.apache.coyote.http11.Http11Processor.service(Http11Processor.java:264) ~[tomcat-embed-core-10.1.12.jar:10.1.12]
	at org.apache.coyote.AbstractProcessorLight.process(AbstractProcessorLight.java:63) ~[tomcat-embed-core-10.1.12.jar:10.1.12]
	at org.apache.coyote.AbstractProtocol$ConnectionHandler.process(AbstractProtocol.java:894) ~[tomcat-embed-core-10.1.12.jar:10.1.12]
	at org.apache.tomcat.util.net.NioEndpoint$SocketProcessor.doRun(NioEndpoint.java:1740) ~[tomcat-embed-core-10.1.12.jar:10.1.12]
	at org.apache.tomcat.util.net.SocketProcessorBase.run(SocketProcessorBase.java:52) ~[tomcat-embed-core-10.1.12.jar:10.1.12]
	at org.apache.tomcat.util.threads.ThreadPoolExecutor.runWorker(ThreadPoolExecutor.java:1191) ~[tomcat-embed-core-10.1.12.jar:10.1.12]
	at org.apache.tomcat.util.threads.ThreadPoolExecutor$Worker.run(ThreadPoolExecutor.java:659) ~[tomcat-embed-core-10.1.12.jar:10.1.12]
	at org.apache.tomcat.util.threads.TaskThread$WrappingRunnable.run(TaskThread.java:61) ~[tomcat-embed-core-10.1.12.jar:10.1.12]
	at java.base/java.lang.Thread.run(Thread.java:833) ~[na:na]

2023-09-10T16:15:51.988+03:00  INFO 28657 --- [http-nio-8080-exec-5] o.a.c.c.C.[.[localhost].[/DnsAdmin]      : Initializing Spring DispatcherServlet 'dispatcherServlet'
2023-09-10T16:15:51.990+03:00  INFO 28657 --- [http-nio-8080-exec-5] o.s.web.servlet.DispatcherServlet        : Initializing Servlet 'dispatcherServlet'
2023-09-10T16:15:51.990+03:00 DEBUG 28657 --- [http-nio-8080-exec-5] o.s.web.servlet.DispatcherServlet        : Detected StandardServletMultipartResolver
2023-09-10T16:15:51.991+03:00 DEBUG 28657 --- [http-nio-8080-exec-5] o.s.web.servlet.DispatcherServlet        : Detected AcceptHeaderLocaleResolver
2023-09-10T16:15:51.991+03:00 DEBUG 28657 --- [http-nio-8080-exec-5] o.s.web.servlet.DispatcherServlet        : Detected FixedThemeResolver
2023-09-10T16:15:51.994+03:00 DEBUG 28657 --- [http-nio-8080-exec-5] o.s.web.servlet.DispatcherServlet        : Detected org.springframework.web.servlet.view.DefaultRequestToViewNameTranslator@6e67df8e
2023-09-10T16:15:51.995+03:00 DEBUG 28657 --- [http-nio-8080-exec-5] o.s.web.servlet.DispatcherServlet        : Detected org.springframework.web.servlet.support.SessionFlashMapManager@1195b4f2
2023-09-10T16:15:51.995+03:00 DEBUG 28657 --- [http-nio-8080-exec-5] o.s.web.servlet.DispatcherServlet        : enableLoggingRequestDetails='false': request parameters and headers will be masked to prevent unsafe logging of potentially sensitive data
2023-09-10T16:15:51.995+03:00  INFO 28657 --- [http-nio-8080-exec-5] o.s.web.servlet.DispatcherServlet        : Completed initialization in 5 ms
2023-09-10T16:15:52.017+03:00 DEBUG 28657 --- [http-nio-8080-exec-5] o.s.web.servlet.DispatcherServlet        : GET "/DnsAdmin/", parameters={}
2023-09-10T16:15:52.029+03:00 DEBUG 28657 --- [http-nio-8080-exec-5] s.w.s.m.m.a.RequestMappingHandlerMapping : Mapped to com.dns.admin.MainController#viewHome()
2023-09-10T16:15:52.059+03:00 DEBUG 28657 --- [http-nio-8080-exec-5] o.s.w.s.v.ContentNegotiatingViewResolver : Selected 'text/html' given [text/html, application/xhtml+xml, application/xml;q=0.9, */*;q=0.8]
2023-09-10T16:15:52.274+03:00 DEBUG 28657 --- [http-nio-8080-exec-5] o.s.web.servlet.DispatcherServlet        : Completed 200 OK
2023-09-10T16:15:52.284+03:00 DEBUG 28657 --- [http-nio-8080-exec-6] o.s.web.servlet.DispatcherServlet        : GET "/DnsAdmin/fontawesome/all.css", parameters={}
2023-09-10T16:15:52.284+03:00 DEBUG 28657 --- [http-nio-8080-exec-7] o.s.web.servlet.DispatcherServlet        : GET "/DnsAdmin/webjars/bootstrap/5.1.3/css/bootstrap.min.css", parameters={}
2023-09-10T16:15:52.285+03:00 DEBUG 28657 --- [http-nio-8080-exec-6] o.s.w.s.handler.SimpleUrlHandlerMapping  : Mapped to ResourceHttpRequestHandler [classpath [META-INF/resources/], classpath [resources/], classpath [static/], classpath [public/], ServletContext [/]]
2023-09-10T16:15:52.285+03:00 DEBUG 28657 --- [http-nio-8080-exec-7] o.s.w.s.handler.SimpleUrlHandlerMapping  : Mapped to ResourceHttpRequestHandler [classpath [META-INF/resources/webjars/]]
2023-09-10T16:15:52.288+03:00 DEBUG 28657 --- [http-nio-8080-exec-8] o.s.web.servlet.DispatcherServlet        : GET "/DnsAdmin/style_navigation.css", parameters={}
2023-09-10T16:15:52.289+03:00 DEBUG 28657 --- [http-nio-8080-exec-8] o.s.w.s.handler.SimpleUrlHandlerMapping  : Mapped to ResourceHttpRequestHandler [classpath [META-INF/resources/], classpath [resources/], classpath [static/], classpath [public/], ServletContext [/]]
2023-09-10T16:15:52.289+03:00 DEBUG 28657 --- [http-nio-8080-exec-10] o.s.web.servlet.DispatcherServlet        : GET "/DnsAdmin/webjars/bootstrap/5.1.3/js/bootstrap.min.js", parameters={}
2023-09-10T16:15:52.289+03:00 DEBUG 28657 --- [http-nio-8080-exec-10] o.s.w.s.handler.SimpleUrlHandlerMapping  : Mapped to ResourceHttpRequestHandler [classpath [META-INF/resources/webjars/]]
2023-09-10T16:15:52.289+03:00 DEBUG 28657 --- [http-nio-8080-exec-8] o.s.w.s.r.ResourceHttpRequestHandler     : Resource not found
2023-09-10T16:15:52.289+03:00 DEBUG 28657 --- [http-nio-8080-exec-9] o.s.web.servlet.DispatcherServlet        : GET "/DnsAdmin/style.css", parameters={}
2023-09-10T16:15:52.290+03:00 DEBUG 28657 --- [http-nio-8080-exec-8] o.s.web.servlet.DispatcherServlet        : Completed 404 NOT_FOUND
2023-09-10T16:15:52.290+03:00 DEBUG 28657 --- [http-nio-8080-exec-1] o.s.web.servlet.DispatcherServlet        : GET "/DnsAdmin/webjars/jquery/3.6.4/jquery.min.js", parameters={}
2023-09-10T16:15:52.290+03:00 DEBUG 28657 --- [http-nio-8080-exec-9] o.s.w.s.handler.SimpleUrlHandlerMapping  : Mapped to ResourceHttpRequestHandler [classpath [META-INF/resources/], classpath [resources/], classpath [static/], classpath [public/], ServletContext [/]]
2023-09-10T16:15:52.290+03:00 DEBUG 28657 --- [http-nio-8080-exec-1] o.s.w.s.handler.SimpleUrlHandlerMapping  : Mapped to ResourceHttpRequestHandler [classpath [META-INF/resources/webjars/]]
2023-09-10T16:15:52.291+03:00 DEBUG 28657 --- [http-nio-8080-exec-9] o.s.w.s.r.ResourceHttpRequestHandler     : Resource not found
2023-09-10T16:15:52.291+03:00 DEBUG 28657 --- [http-nio-8080-exec-9] o.s.web.servlet.DispatcherServlet        : Completed 404 NOT_FOUND
2023-09-10T16:15:52.295+03:00 DEBUG 28657 --- [http-nio-8080-exec-9] o.s.web.servlet.DispatcherServlet        : "ERROR" dispatch for GET "/DnsAdmin/error", parameters={}
2023-09-10T16:15:52.295+03:00 DEBUG 28657 --- [http-nio-8080-exec-10] o.s.web.servlet.DispatcherServlet        : Completed 200 OK
2023-09-10T16:15:52.295+03:00 DEBUG 28657 --- [http-nio-8080-exec-8] o.s.web.servlet.DispatcherServlet        : "ERROR" dispatch for GET "/DnsAdmin/error", parameters={}
2023-09-10T16:15:52.295+03:00 DEBUG 28657 --- [http-nio-8080-exec-6] o.s.web.servlet.DispatcherServlet        : Completed 200 OK
2023-09-10T16:15:52.296+03:00 DEBUG 28657 --- [http-nio-8080-exec-1] o.s.web.servlet.DispatcherServlet        : Completed 200 OK
2023-09-10T16:15:52.296+03:00 DEBUG 28657 --- [http-nio-8080-exec-7] o.s.web.servlet.DispatcherServlet        : Completed 200 OK
2023-09-10T16:15:52.297+03:00 DEBUG 28657 --- [http-nio-8080-exec-9] s.w.s.m.m.a.RequestMappingHandlerMapping : Mapped to org.springframework.boot.autoconfigure.web.servlet.error.BasicErrorController#error(HttpServletRequest)
2023-09-10T16:15:52.297+03:00 DEBUG 28657 --- [http-nio-8080-exec-8] s.w.s.m.m.a.RequestMappingHandlerMapping : Mapped to org.springframework.boot.autoconfigure.web.servlet.error.BasicErrorController#error(HttpServletRequest)
2023-09-10T16:15:52.312+03:00 DEBUG 28657 --- [http-nio-8080-exec-8] o.s.w.s.m.m.a.HttpEntityMethodProcessor  : Using 'application/json;q=0.1', given [text/css, */*;q=0.1] and supported [application/json, application/*+json]
2023-09-10T16:15:52.312+03:00 DEBUG 28657 --- [http-nio-8080-exec-9] o.s.w.s.m.m.a.HttpEntityMethodProcessor  : Using 'application/json;q=0.1', given [text/css, */*;q=0.1] and supported [application/json, application/*+json]
2023-09-10T16:15:52.314+03:00 DEBUG 28657 --- [http-nio-8080-exec-9] o.s.w.s.m.m.a.HttpEntityMethodProcessor  : Writing [{timestamp=Sun Sep 10 16:15:52 MSK 2023, status=404, error=Not Found, message=No message available,  (truncated)...]
2023-09-10T16:15:52.314+03:00 DEBUG 28657 --- [http-nio-8080-exec-8] o.s.w.s.m.m.a.HttpEntityMethodProcessor  : Writing [{timestamp=Sun Sep 10 16:15:52 MSK 2023, status=404, error=Not Found, message=No message available,  (truncated)...]
2023-09-10T16:15:52.336+03:00 DEBUG 28657 --- [http-nio-8080-exec-8] o.s.web.servlet.DispatcherServlet        : Exiting from "ERROR" dispatch, status 404
2023-09-10T16:15:52.336+03:00 DEBUG 28657 --- [http-nio-8080-exec-9] o.s.web.servlet.DispatcherServlet        : Exiting from "ERROR" dispatch, status 404
2023-09-10T16:15:52.371+03:00 DEBUG 28657 --- [http-nio-8080-exec-2] o.s.web.servlet.DispatcherServlet        : GET "/DnsAdmin/webfonts/fa-solid-900.woff2", parameters={}
2023-09-10T16:15:52.372+03:00 DEBUG 28657 --- [http-nio-8080-exec-2] o.s.w.s.handler.SimpleUrlHandlerMapping  : Mapped to ResourceHttpRequestHandler [classpath [META-INF/resources/], classpath [resources/], classpath [static/], classpath [public/], ServletContext [/]]
2023-09-10T16:15:52.376+03:00 DEBUG 28657 --- [http-nio-8080-exec-2] o.s.web.servlet.DispatcherServlet        : Completed 200 OK
2023-09-10T16:15:52.401+03:00 DEBUG 28657 --- [http-nio-8080-exec-3] o.s.web.servlet.DispatcherServlet        : GET "/DnsAdmin/webfonts/fa-regular-400.woff2", parameters={}
2023-09-10T16:15:52.402+03:00 DEBUG 28657 --- [http-nio-8080-exec-3] o.s.w.s.handler.SimpleUrlHandlerMapping  : Mapped to ResourceHttpRequestHandler [classpath [META-INF/resources/], classpath [resources/], classpath [static/], classpath [public/], ServletContext [/]]
2023-09-10T16:15:52.404+03:00 DEBUG 28657 --- [http-nio-8080-exec-3] o.s.web.servlet.DispatcherServlet        : Completed 200 OK
2023-09-10T16:24:56.796+03:00  INFO 28657 --- [SpringApplicationShutdownHook] j.LocalContainerEntityManagerFactoryBean : Closing JPA EntityManagerFactory for persistence unit 'default'
2023-09-10T16:24:56.806+03:00  INFO 28657 --- [SpringApplicationShutdownHook] com.zaxxer.hikari.HikariDataSource       : HikariPool-1 - Shutdown initiated...
2023-09-10T16:24:56.813+03:00  INFO 28657 --- [SpringApplicationShutdownHook] com.zaxxer.hikari.HikariDataSource       : HikariPool-1 - Shutdown completed.
2023-09-10T16:26:11.903+03:00  INFO 28971 --- [restartedMain] com.dns.admin.DnsBackendApplication      : Starting DnsBackendApplication using Java 17.0.3 with PID 28971 (/Users/valeriali/IdeaProjects/TechnoShopProject/DNSWebParent/DNSBackend/target/classes started by valeriali in /Users/valeriali/IdeaProjects/TechnoShopProject)
2023-09-10T16:26:11.905+03:00  INFO 28971 --- [restartedMain] com.dns.admin.DnsBackendApplication      : No active profile set, falling back to 1 default profile: "default"
2023-09-10T16:26:11.935+03:00  INFO 28971 --- [restartedMain] .e.DevToolsPropertyDefaultsPostProcessor : Devtools property defaults active! Set 'spring.devtools.add-properties' to 'false' to disable
2023-09-10T16:26:11.935+03:00  INFO 28971 --- [restartedMain] .e.DevToolsPropertyDefaultsPostProcessor : For additional web related logging consider setting the 'logging.level.web' property to 'DEBUG'
2023-09-10T16:26:12.358+03:00  INFO 28971 --- [restartedMain] .s.d.r.c.RepositoryConfigurationDelegate : Bootstrapping Spring Data JPA repositories in DEFAULT mode.
2023-09-10T16:26:12.396+03:00  INFO 28971 --- [restartedMain] .s.d.r.c.RepositoryConfigurationDelegate : Finished Spring Data repository scanning in 32 ms. Found 2 JPA repository interfaces.
2023-09-10T16:26:12.764+03:00  INFO 28971 --- [restartedMain] o.s.b.w.embedded.tomcat.TomcatWebServer  : Tomcat initialized with port(s): 8080 (http)
2023-09-10T16:26:12.770+03:00  INFO 28971 --- [restartedMain] o.apache.catalina.core.StandardService   : Starting service [Tomcat]
2023-09-10T16:26:12.771+03:00  INFO 28971 --- [restartedMain] o.apache.catalina.core.StandardEngine    : Starting Servlet engine: [Apache Tomcat/10.1.12]
2023-09-10T16:26:12.805+03:00  INFO 28971 --- [restartedMain] o.a.c.c.C.[.[localhost].[/DnsAdmin]      : Initializing Spring embedded WebApplicationContext
2023-09-10T16:26:12.806+03:00  INFO 28971 --- [restartedMain] w.s.c.ServletWebServerApplicationContext : Root WebApplicationContext: initialization completed in 869 ms
2023-09-10T16:26:12.836+03:00 DEBUG 28971 --- [restartedMain] o.s.w.s.r.ResourceUrlEncodingFilter      : Filter 'resourceUrlEncodingFilter' configured for use
2023-09-10T16:26:12.905+03:00  INFO 28971 --- [restartedMain] o.hibernate.jpa.internal.util.LogHelper  : HHH000204: Processing PersistenceUnitInfo [name: default]
2023-09-10T16:26:12.948+03:00  INFO 28971 --- [restartedMain] org.hibernate.Version                    : HHH000412: Hibernate ORM core version 6.2.7.Final
2023-09-10T16:26:12.950+03:00  INFO 28971 --- [restartedMain] org.hibernate.cfg.Environment            : HHH000406: Using bytecode reflection optimizer
2023-09-10T16:26:13.043+03:00  INFO 28971 --- [restartedMain] o.h.b.i.BytecodeProviderInitiator        : HHH000021: Bytecode provider name : bytebuddy
2023-09-10T16:26:13.126+03:00  INFO 28971 --- [restartedMain] o.s.o.j.p.SpringPersistenceUnitInfo      : No LoadTimeWeaver setup: ignoring JPA class transformer
2023-09-10T16:26:13.138+03:00  INFO 28971 --- [restartedMain] com.zaxxer.hikari.HikariDataSource       : HikariPool-1 - Starting...
2023-09-10T16:26:13.408+03:00  INFO 28971 --- [restartedMain] com.zaxxer.hikari.pool.HikariPool        : HikariPool-1 - Added connection com.mysql.cj.jdbc.ConnectionImpl@475975c2
2023-09-10T16:26:13.410+03:00  INFO 28971 --- [restartedMain] com.zaxxer.hikari.HikariDataSource       : HikariPool-1 - Start completed.
2023-09-10T16:26:13.594+03:00  INFO 28971 --- [restartedMain] o.h.b.i.BytecodeProviderInitiator        : HHH000021: Bytecode provider name : bytebuddy
2023-09-10T16:26:14.001+03:00  INFO 28971 --- [restartedMain] o.h.e.t.j.p.i.JtaPlatformInitiator       : HHH000490: Using JtaPlatform implementation: [org.hibernate.engine.transaction.jta.platform.internal.NoJtaPlatform]
2023-09-10T16:26:14.083+03:00  INFO 28971 --- [restartedMain] j.LocalContainerEntityManagerFactoryBean : Initialized JPA EntityManagerFactory for persistence unit 'default'
2023-09-10T16:26:14.296+03:00  WARN 28971 --- [restartedMain] JpaBaseConfiguration$JpaWebConfiguration : spring.jpa.open-in-view is enabled by default. Therefore, database queries may be performed during view rendering. Explicitly configure spring.jpa.open-in-view to disable this warning
2023-09-10T16:26:14.308+03:00  WARN 28971 --- [restartedMain] .s.s.UserDetailsServiceAutoConfiguration : 

Using generated security password: 30bfa2bc-932f-433a-993a-a6732fe24e05

This generated password is for development use only. Your security configuration must be updated before running your application in production.

2023-09-10T16:26:14.367+03:00  INFO 28971 --- [restartedMain] o.s.s.web.DefaultSecurityFilterChain     : Will secure any request with [org.springframework.security.web.session.DisableEncodeUrlFilter@77dd7f9f, org.springframework.security.web.context.request.async.WebAsyncManagerIntegrationFilter@5bb89c28, org.springframework.security.web.context.SecurityContextHolderFilter@2acb70b6, org.springframework.security.web.header.HeaderWriterFilter@7c0df52a, org.springframework.security.web.csrf.CsrfFilter@25299007, org.springframework.security.web.authentication.logout.LogoutFilter@3069236, org.springframework.security.web.savedrequest.RequestCacheAwareFilter@186c73ab, org.springframework.security.web.servletapi.SecurityContextHolderAwareRequestFilter@2c231920, org.springframework.security.web.authentication.AnonymousAuthenticationFilter@71238ca5, org.springframework.security.web.access.ExceptionTranslationFilter@72138d5, org.springframework.security.web.access.intercept.AuthorizationFilter@5fee74f8]
2023-09-10T16:26:14.445+03:00 DEBUG 28971 --- [restartedMain] s.w.s.m.m.a.RequestMappingHandlerAdapter : ControllerAdvice beans: 0 @ModelAttribute, 0 @InitBinder, 1 RequestBodyAdvice, 1 ResponseBodyAdvice
2023-09-10T16:26:14.467+03:00  INFO 28971 --- [restartedMain] o.s.b.a.w.s.WelcomePageHandlerMapping    : Adding welcome page template: index
2023-09-10T16:26:14.495+03:00 DEBUG 28971 --- [restartedMain] s.w.s.m.m.a.RequestMappingHandlerMapping : 7 mappings in 'requestMappingHandlerMapping'
2023-09-10T16:26:14.693+03:00 DEBUG 28971 --- [restartedMain] o.s.w.s.handler.SimpleUrlHandlerMapping  : Patterns [/webjars/**, /**] in 'resourceHandlerMapping'
2023-09-10T16:26:14.701+03:00 DEBUG 28971 --- [restartedMain] .m.m.a.ExceptionHandlerExceptionResolver : ControllerAdvice beans: 0 @ExceptionHandler, 1 ResponseBodyAdvice
2023-09-10T16:26:14.772+03:00  INFO 28971 --- [restartedMain] o.s.b.d.a.OptionalLiveReloadServer       : LiveReload server is running on port 35729
2023-09-10T16:26:14.796+03:00  INFO 28971 --- [restartedMain] o.s.b.w.embedded.tomcat.TomcatWebServer  : Tomcat started on port(s): 8080 (http) with context path '/DnsAdmin'
2023-09-10T16:26:14.803+03:00  INFO 28971 --- [restartedMain] com.dns.admin.DnsBackendApplication      : Started DnsBackendApplication in 3.276 seconds (process running for 4.276)
2023-09-10T16:26:29.138+03:00  INFO 28971 --- [http-nio-8080-exec-1] o.a.c.c.C.[.[localhost].[/DnsAdmin]      : Initializing Spring DispatcherServlet 'dispatcherServlet'
2023-09-10T16:26:29.139+03:00  INFO 28971 --- [http-nio-8080-exec-1] o.s.web.servlet.DispatcherServlet        : Initializing Servlet 'dispatcherServlet'
2023-09-10T16:26:29.140+03:00 DEBUG 28971 --- [http-nio-8080-exec-1] o.s.web.servlet.DispatcherServlet        : Detected StandardServletMultipartResolver
2023-09-10T16:26:29.140+03:00 DEBUG 28971 --- [http-nio-8080-exec-1] o.s.web.servlet.DispatcherServlet        : Detected AcceptHeaderLocaleResolver
2023-09-10T16:26:29.140+03:00 DEBUG 28971 --- [http-nio-8080-exec-1] o.s.web.servlet.DispatcherServlet        : Detected FixedThemeResolver
2023-09-10T16:26:29.143+03:00 DEBUG 28971 --- [http-nio-8080-exec-1] o.s.web.servlet.DispatcherServlet        : Detected org.springframework.web.servlet.view.DefaultRequestToViewNameTranslator@759e0280
2023-09-10T16:26:29.143+03:00 DEBUG 28971 --- [http-nio-8080-exec-1] o.s.web.servlet.DispatcherServlet        : Detected org.springframework.web.servlet.support.SessionFlashMapManager@5159093d
2023-09-10T16:26:29.143+03:00 DEBUG 28971 --- [http-nio-8080-exec-1] o.s.web.servlet.DispatcherServlet        : enableLoggingRequestDetails='false': request parameters and headers will be masked to prevent unsafe logging of potentially sensitive data
2023-09-10T16:26:29.143+03:00  INFO 28971 --- [http-nio-8080-exec-1] o.s.web.servlet.DispatcherServlet        : Completed initialization in 3 ms
2023-09-10T16:26:29.158+03:00 DEBUG 28971 --- [http-nio-8080-exec-1] o.s.web.servlet.DispatcherServlet        : GET "/DnsAdmin/", parameters={}
2023-09-10T16:26:29.168+03:00 DEBUG 28971 --- [http-nio-8080-exec-1] s.w.s.m.m.a.RequestMappingHandlerMapping : Mapped to com.dns.admin.MainController#viewHome()
2023-09-10T16:26:29.184+03:00 DEBUG 28971 --- [http-nio-8080-exec-1] o.s.w.s.v.ContentNegotiatingViewResolver : Selected 'text/html' given [text/html, application/xhtml+xml, application/xml;q=0.9, */*;q=0.8]
2023-09-10T16:26:29.400+03:00 DEBUG 28971 --- [http-nio-8080-exec-1] o.s.web.servlet.DispatcherServlet        : Completed 200 OK
2023-09-10T16:26:29.413+03:00 DEBUG 28971 --- [http-nio-8080-exec-2] o.s.web.servlet.DispatcherServlet        : GET "/DnsAdmin/webjars/bootstrap/5.1.3/css/bootstrap.min.css", parameters={}
2023-09-10T16:26:29.415+03:00 DEBUG 28971 --- [http-nio-8080-exec-2] o.s.w.s.handler.SimpleUrlHandlerMapping  : Mapped to ResourceHttpRequestHandler [classpath [META-INF/resources/webjars/]]
2023-09-10T16:26:29.416+03:00 DEBUG 28971 --- [http-nio-8080-exec-4] o.s.web.servlet.DispatcherServlet        : GET "/DnsAdmin/webjars/jquery/3.6.4/jquery.min.js", parameters={}
2023-09-10T16:26:29.417+03:00 DEBUG 28971 --- [http-nio-8080-exec-3] o.s.web.servlet.DispatcherServlet        : GET "/DnsAdmin/fontawesome/all.css", parameters={}
2023-09-10T16:26:29.417+03:00 DEBUG 28971 --- [http-nio-8080-exec-5] o.s.web.servlet.DispatcherServlet        : GET "/DnsAdmin/webjars/bootstrap/5.1.3/js/bootstrap.min.js", parameters={}
2023-09-10T16:26:29.417+03:00 DEBUG 28971 --- [http-nio-8080-exec-4] o.s.w.s.handler.SimpleUrlHandlerMapping  : Mapped to ResourceHttpRequestHandler [classpath [META-INF/resources/webjars/]]
2023-09-10T16:26:29.417+03:00 DEBUG 28971 --- [http-nio-8080-exec-5] o.s.w.s.handler.SimpleUrlHandlerMapping  : Mapped to ResourceHttpRequestHandler [classpath [META-INF/resources/webjars/]]
2023-09-10T16:26:29.418+03:00 DEBUG 28971 --- [http-nio-8080-exec-3] o.s.w.s.handler.SimpleUrlHandlerMapping  : Mapped to ResourceHttpRequestHandler [classpath [META-INF/resources/], classpath [resources/], classpath [static/], classpath [public/], ServletContext [/]]
2023-09-10T16:26:29.427+03:00 DEBUG 28971 --- [http-nio-8080-exec-5] o.s.web.servlet.DispatcherServlet        : Completed 200 OK
2023-09-10T16:26:29.428+03:00 DEBUG 28971 --- [http-nio-8080-exec-2] o.s.web.servlet.DispatcherServlet        : Completed 200 OK
2023-09-10T16:26:29.431+03:00 DEBUG 28971 --- [http-nio-8080-exec-3] o.s.web.servlet.DispatcherServlet        : Completed 200 OK
2023-09-10T16:26:29.431+03:00 DEBUG 28971 --- [http-nio-8080-exec-4] o.s.web.servlet.DispatcherServlet        : Completed 200 OK
2023-09-10T16:26:29.479+03:00 DEBUG 28971 --- [http-nio-8080-exec-6] o.s.web.servlet.DispatcherServlet        : GET "/DnsAdmin/webfonts/fa-solid-900.woff2", parameters={}
2023-09-10T16:26:29.479+03:00 DEBUG 28971 --- [http-nio-8080-exec-6] o.s.w.s.handler.SimpleUrlHandlerMapping  : Mapped to ResourceHttpRequestHandler [classpath [META-INF/resources/], classpath [resources/], classpath [static/], classpath [public/], ServletContext [/]]
2023-09-10T16:26:29.483+03:00 DEBUG 28971 --- [http-nio-8080-exec-6] o.s.web.servlet.DispatcherServlet        : Completed 200 OK
2023-09-10T16:26:29.495+03:00 DEBUG 28971 --- [http-nio-8080-exec-7] o.s.web.servlet.DispatcherServlet        : GET "/DnsAdmin/webfonts/fa-regular-400.woff2", parameters={}
2023-09-10T16:26:29.495+03:00 DEBUG 28971 --- [http-nio-8080-exec-7] o.s.w.s.handler.SimpleUrlHandlerMapping  : Mapped to ResourceHttpRequestHandler [classpath [META-INF/resources/], classpath [resources/], classpath [static/], classpath [public/], ServletContext [/]]
2023-09-10T16:26:29.498+03:00 DEBUG 28971 --- [http-nio-8080-exec-7] o.s.web.servlet.DispatcherServlet        : Completed 200 OK
2023-09-10T16:26:48.210+03:00 DEBUG 28971 --- [http-nio-8080-exec-8] o.s.web.servlet.DispatcherServlet        : GET "/DnsAdmin/webjars/bootstrap/5.1.3/js/bootstrap.min.js.map", parameters={}
2023-09-10T16:26:48.210+03:00 DEBUG 28971 --- [http-nio-8080-exec-9] o.s.web.servlet.DispatcherServlet        : GET "/DnsAdmin/webjars/bootstrap/5.1.3/css/bootstrap.min.css.map", parameters={}
2023-09-10T16:26:48.216+03:00 DEBUG 28971 --- [http-nio-8080-exec-8] o.s.w.s.handler.SimpleUrlHandlerMapping  : Mapped to ResourceHttpRequestHandler [classpath [META-INF/resources/webjars/]]
2023-09-10T16:26:48.216+03:00 DEBUG 28971 --- [http-nio-8080-exec-9] o.s.w.s.handler.SimpleUrlHandlerMapping  : Mapped to ResourceHttpRequestHandler [classpath [META-INF/resources/webjars/]]
2023-09-10T16:26:48.247+03:00 DEBUG 28971 --- [http-nio-8080-exec-8] o.s.web.servlet.DispatcherServlet        : Completed 200 OK
2023-09-10T16:26:48.250+03:00 DEBUG 28971 --- [http-nio-8080-exec-9] o.s.web.servlet.DispatcherServlet        : Completed 200 OK
2023-09-10T16:27:31.392+03:00 DEBUG 28971 --- [http-nio-8080-exec-3] o.s.web.servlet.DispatcherServlet        : GET "/DnsAdmin/", parameters={}
2023-09-10T16:27:31.398+03:00 DEBUG 28971 --- [http-nio-8080-exec-3] s.w.s.m.m.a.RequestMappingHandlerMapping : Mapped to com.dns.admin.MainController#viewHome()
2023-09-10T16:27:31.404+03:00 DEBUG 28971 --- [http-nio-8080-exec-3] o.s.w.s.v.ContentNegotiatingViewResolver : Selected 'text/html' given [text/html, application/xhtml+xml, application/xml;q=0.9, */*;q=0.8]
2023-09-10T16:27:31.429+03:00 DEBUG 28971 --- [http-nio-8080-exec-3] o.s.web.servlet.DispatcherServlet        : Completed 200 OK
2023-09-10T16:27:31.439+03:00 DEBUG 28971 --- [http-nio-8080-exec-4] o.s.web.servlet.DispatcherServlet        : GET "/DnsAdmin/webjars/bootstrap/5.1.3/css/bootstrap.min.css", parameters={}
2023-09-10T16:27:31.440+03:00 DEBUG 28971 --- [http-nio-8080-exec-4] o.s.w.s.handler.SimpleUrlHandlerMapping  : Mapped to ResourceHttpRequestHandler [classpath [META-INF/resources/webjars/]]
2023-09-10T16:27:31.441+03:00 DEBUG 28971 --- [http-nio-8080-exec-6] o.s.web.servlet.DispatcherServlet        : GET "/DnsAdmin/fontawesome/all.css", parameters={}
2023-09-10T16:27:31.442+03:00 DEBUG 28971 --- [http-nio-8080-exec-8] o.s.web.servlet.DispatcherServlet        : GET "/DnsAdmin/webjars/bootstrap/5.1.3/js/bootstrap.min.js", parameters={}
2023-09-10T16:27:31.442+03:00 DEBUG 28971 --- [http-nio-8080-exec-7] o.s.web.servlet.DispatcherServlet        : GET "/DnsAdmin/webjars/jquery/3.6.4/jquery.min.js", parameters={}
2023-09-10T16:27:31.442+03:00 DEBUG 28971 --- [http-nio-8080-exec-6] o.s.w.s.handler.SimpleUrlHandlerMapping  : Mapped to ResourceHttpRequestHandler [classpath [META-INF/resources/], classpath [resources/], classpath [static/], classpath [public/], ServletContext [/]]
2023-09-10T16:27:31.442+03:00 DEBUG 28971 --- [http-nio-8080-exec-8] o.s.w.s.handler.SimpleUrlHandlerMapping  : Mapped to ResourceHttpRequestHandler [classpath [META-INF/resources/webjars/]]
2023-09-10T16:27:31.442+03:00 DEBUG 28971 --- [http-nio-8080-exec-7] o.s.w.s.handler.SimpleUrlHandlerMapping  : Mapped to ResourceHttpRequestHandler [classpath [META-INF/resources/webjars/]]
2023-09-10T16:27:31.443+03:00 DEBUG 28971 --- [http-nio-8080-exec-4] o.s.web.servlet.DispatcherServlet        : Completed 200 OK
2023-09-10T16:27:31.445+03:00 DEBUG 28971 --- [http-nio-8080-exec-6] o.s.web.servlet.DispatcherServlet        : Completed 200 OK
2023-09-10T16:27:31.446+03:00 DEBUG 28971 --- [http-nio-8080-exec-8] o.s.web.servlet.DispatcherServlet        : Completed 200 OK
2023-09-10T16:27:31.448+03:00 DEBUG 28971 --- [http-nio-8080-exec-7] o.s.web.servlet.DispatcherServlet        : Completed 200 OK
2023-09-10T16:27:31.475+03:00 DEBUG 28971 --- [http-nio-8080-exec-9] o.s.web.servlet.DispatcherServlet        : GET "/DnsAdmin/webfonts/fa-solid-900.woff2", parameters={}
2023-09-10T16:27:31.476+03:00 DEBUG 28971 --- [http-nio-8080-exec-9] o.s.w.s.handler.SimpleUrlHandlerMapping  : Mapped to ResourceHttpRequestHandler [classpath [META-INF/resources/], classpath [resources/], classpath [static/], classpath [public/], ServletContext [/]]
2023-09-10T16:27:31.476+03:00 DEBUG 28971 --- [http-nio-8080-exec-1] o.s.web.servlet.DispatcherServlet        : GET "/DnsAdmin/webjars/bootstrap/5.1.3/css/bootstrap.min.css.map", parameters={}
2023-09-10T16:27:31.476+03:00 DEBUG 28971 --- [http-nio-8080-exec-1] o.s.w.s.handler.SimpleUrlHandlerMapping  : Mapped to ResourceHttpRequestHandler [classpath [META-INF/resources/webjars/]]
2023-09-10T16:27:31.487+03:00 DEBUG 28971 --- [http-nio-8080-exec-10] o.s.web.servlet.DispatcherServlet        : GET "/DnsAdmin/webjars/bootstrap/5.1.3/js/bootstrap.min.js.map", parameters={}
2023-09-10T16:27:31.488+03:00 DEBUG 28971 --- [http-nio-8080-exec-9] o.s.web.servlet.DispatcherServlet        : Completed 200 OK
2023-09-10T16:27:31.489+03:00 DEBUG 28971 --- [http-nio-8080-exec-10] o.s.w.s.handler.SimpleUrlHandlerMapping  : Mapped to ResourceHttpRequestHandler [classpath [META-INF/resources/webjars/]]
2023-09-10T16:27:31.492+03:00 DEBUG 28971 --- [http-nio-8080-exec-1] o.s.web.servlet.DispatcherServlet        : Completed 200 OK
2023-09-10T16:27:31.493+03:00 DEBUG 28971 --- [http-nio-8080-exec-10] o.s.web.servlet.DispatcherServlet        : Completed 200 OK
2023-09-10T16:27:31.500+03:00 DEBUG 28971 --- [http-nio-8080-exec-2] o.s.web.servlet.DispatcherServlet        : GET "/DnsAdmin/webfonts/fa-regular-400.woff2", parameters={}
2023-09-10T16:27:31.501+03:00 DEBUG 28971 --- [http-nio-8080-exec-2] o.s.w.s.handler.SimpleUrlHandlerMapping  : Mapped to ResourceHttpRequestHandler [classpath [META-INF/resources/], classpath [resources/], classpath [static/], classpath [public/], ServletContext [/]]
2023-09-10T16:27:31.503+03:00 DEBUG 28971 --- [http-nio-8080-exec-2] o.s.web.servlet.DispatcherServlet        : Completed 200 OK
2023-09-10T16:30:17.868+03:00 DEBUG 28971 --- [http-nio-8080-exec-8] o.s.web.servlet.DispatcherServlet        : GET "/DnsAdmin/", parameters={}
2023-09-10T16:30:17.872+03:00 DEBUG 28971 --- [http-nio-8080-exec-8] s.w.s.m.m.a.RequestMappingHandlerMapping : Mapped to com.dns.admin.MainController#viewHome()
2023-09-10T16:30:17.879+03:00 DEBUG 28971 --- [http-nio-8080-exec-8] o.s.w.s.v.ContentNegotiatingViewResolver : Selected 'text/html' given [text/html, application/xhtml+xml, application/xml;q=0.9, */*;q=0.8]
2023-09-10T16:30:17.901+03:00 DEBUG 28971 --- [http-nio-8080-exec-8] o.s.web.servlet.DispatcherServlet        : Completed 200 OK
2023-09-10T16:30:18.032+03:00 DEBUG 28971 --- [http-nio-8080-exec-7] o.s.web.servlet.DispatcherServlet        : GET "/DnsAdmin/webjars/bootstrap/5.1.3/css/bootstrap.min.css", parameters={}
2023-09-10T16:30:18.033+03:00 DEBUG 28971 --- [http-nio-8080-exec-7] o.s.w.s.handler.SimpleUrlHandlerMapping  : Mapped to ResourceHttpRequestHandler [classpath [META-INF/resources/webjars/]]
2023-09-10T16:30:18.034+03:00 DEBUG 28971 --- [http-nio-8080-exec-9] o.s.web.servlet.DispatcherServlet        : GET "/DnsAdmin/fontawesome/all.css", parameters={}
2023-09-10T16:30:18.035+03:00 DEBUG 28971 --- [http-nio-8080-exec-9] o.s.w.s.handler.SimpleUrlHandlerMapping  : Mapped to ResourceHttpRequestHandler [classpath [META-INF/resources/], classpath [resources/], classpath [static/], classpath [public/], ServletContext [/]]
2023-09-10T16:30:18.039+03:00 DEBUG 28971 --- [http-nio-8080-exec-1] o.s.web.servlet.DispatcherServlet        : GET "/DnsAdmin/webjars/jquery/3.6.4/jquery.min.js", parameters={}
2023-09-10T16:30:18.039+03:00 DEBUG 28971 --- [http-nio-8080-exec-1] o.s.w.s.handler.SimpleUrlHandlerMapping  : Mapped to ResourceHttpRequestHandler [classpath [META-INF/resources/webjars/]]
2023-09-10T16:30:18.040+03:00 DEBUG 28971 --- [http-nio-8080-exec-10] o.s.web.servlet.DispatcherServlet        : GET "/DnsAdmin/webjars/bootstrap/5.1.3/js/bootstrap.min.js", parameters={}
2023-09-10T16:30:18.040+03:00 DEBUG 28971 --- [http-nio-8080-exec-10] o.s.w.s.handler.SimpleUrlHandlerMapping  : Mapped to ResourceHttpRequestHandler [classpath [META-INF/resources/webjars/]]
2023-09-10T16:30:18.041+03:00 DEBUG 28971 --- [http-nio-8080-exec-7] o.s.web.servlet.DispatcherServlet        : Completed 200 OK
2023-09-10T16:30:18.044+03:00 DEBUG 28971 --- [http-nio-8080-exec-9] o.s.web.servlet.DispatcherServlet        : Completed 200 OK
2023-09-10T16:30:18.046+03:00 DEBUG 28971 --- [http-nio-8080-exec-10] o.s.web.servlet.DispatcherServlet        : Completed 200 OK
2023-09-10T16:30:18.048+03:00 DEBUG 28971 --- [http-nio-8080-exec-1] o.s.web.servlet.DispatcherServlet        : Completed 200 OK
2023-09-10T16:30:18.129+03:00 DEBUG 28971 --- [http-nio-8080-exec-2] o.s.web.servlet.DispatcherServlet        : GET "/DnsAdmin/webfonts/fa-solid-900.woff2", parameters={}
2023-09-10T16:30:18.129+03:00 DEBUG 28971 --- [http-nio-8080-exec-2] o.s.w.s.handler.SimpleUrlHandlerMapping  : Mapped to ResourceHttpRequestHandler [classpath [META-INF/resources/], classpath [resources/], classpath [static/], classpath [public/], ServletContext [/]]
2023-09-10T16:30:18.135+03:00 DEBUG 28971 --- [http-nio-8080-exec-2] o.s.web.servlet.DispatcherServlet        : Completed 200 OK
2023-09-10T16:30:18.184+03:00 DEBUG 28971 --- [http-nio-8080-exec-4] o.s.web.servlet.DispatcherServlet        : GET "/DnsAdmin/webjars/bootstrap/5.1.3/css/bootstrap.min.css.map", parameters={}
2023-09-10T16:30:18.184+03:00 DEBUG 28971 --- [http-nio-8080-exec-5] o.s.web.servlet.DispatcherServlet        : GET "/DnsAdmin/webjars/bootstrap/5.1.3/js/bootstrap.min.js.map", parameters={}
2023-09-10T16:30:18.184+03:00 DEBUG 28971 --- [http-nio-8080-exec-4] o.s.w.s.handler.SimpleUrlHandlerMapping  : Mapped to ResourceHttpRequestHandler [classpath [META-INF/resources/webjars/]]
2023-09-10T16:30:18.184+03:00 DEBUG 28971 --- [http-nio-8080-exec-5] o.s.w.s.handler.SimpleUrlHandlerMapping  : Mapped to ResourceHttpRequestHandler [classpath [META-INF/resources/webjars/]]
2023-09-10T16:30:18.194+03:00 DEBUG 28971 --- [http-nio-8080-exec-5] o.s.web.servlet.DispatcherServlet        : Completed 200 OK
2023-09-10T16:30:18.200+03:00 DEBUG 28971 --- [http-nio-8080-exec-4] o.s.web.servlet.DispatcherServlet        : Completed 200 OK
2023-09-10T16:30:18.223+03:00 DEBUG 28971 --- [http-nio-8080-exec-3] o.s.web.servlet.DispatcherServlet        : GET "/DnsAdmin/webfonts/fa-regular-400.woff2", parameters={}
2023-09-10T16:30:18.224+03:00 DEBUG 28971 --- [http-nio-8080-exec-3] o.s.w.s.handler.SimpleUrlHandlerMapping  : Mapped to ResourceHttpRequestHandler [classpath [META-INF/resources/], classpath [resources/], classpath [static/], classpath [public/], ServletContext [/]]
2023-09-10T16:30:18.226+03:00 DEBUG 28971 --- [http-nio-8080-exec-3] o.s.web.servlet.DispatcherServlet        : Completed 200 OK
2023-09-10T16:31:38.738+03:00 DEBUG 28971 --- [http-nio-8080-exec-10] o.s.web.servlet.DispatcherServlet        : GET "/DnsAdmin/", parameters={}
2023-09-10T16:31:38.742+03:00 DEBUG 28971 --- [http-nio-8080-exec-10] s.w.s.m.m.a.RequestMappingHandlerMapping : Mapped to com.dns.admin.MainController#viewHome()
2023-09-10T16:31:38.748+03:00 DEBUG 28971 --- [http-nio-8080-exec-10] o.s.w.s.v.ContentNegotiatingViewResolver : Selected 'text/html' given [text/html, application/xhtml+xml, application/xml;q=0.9, */*;q=0.8]
2023-09-10T16:31:38.770+03:00 DEBUG 28971 --- [http-nio-8080-exec-10] o.s.web.servlet.DispatcherServlet        : Completed 200 OK
2023-09-10T16:31:38.789+03:00 DEBUG 28971 --- [http-nio-8080-exec-1] o.s.web.servlet.DispatcherServlet        : GET "/DnsAdmin/webjars/bootstrap/5.1.3/css/bootstrap.min.css", parameters={}
2023-09-10T16:31:38.791+03:00 DEBUG 28971 --- [http-nio-8080-exec-1] o.s.w.s.handler.SimpleUrlHandlerMapping  : Mapped to ResourceHttpRequestHandler [classpath [META-INF/resources/webjars/]]
2023-09-10T16:31:38.796+03:00 DEBUG 28971 --- [http-nio-8080-exec-1] o.s.web.servlet.DispatcherServlet        : Completed 200 OK
2023-09-10T16:31:38.797+03:00 DEBUG 28971 --- [http-nio-8080-exec-2] o.s.web.servlet.DispatcherServlet        : GET "/DnsAdmin/fontawesome/all.css", parameters={}
2023-09-10T16:31:38.797+03:00 DEBUG 28971 --- [http-nio-8080-exec-5] o.s.web.servlet.DispatcherServlet        : GET "/DnsAdmin/webjars/jquery/3.6.4/jquery.min.js", parameters={}
2023-09-10T16:31:38.799+03:00 DEBUG 28971 --- [http-nio-8080-exec-2] o.s.w.s.handler.SimpleUrlHandlerMapping  : Mapped to ResourceHttpRequestHandler [classpath [META-INF/resources/], classpath [resources/], classpath [static/], classpath [public/], ServletContext [/]]
2023-09-10T16:31:38.800+03:00 DEBUG 28971 --- [http-nio-8080-exec-5] o.s.w.s.handler.SimpleUrlHandlerMapping  : Mapped to ResourceHttpRequestHandler [classpath [META-INF/resources/webjars/]]
2023-09-10T16:31:38.800+03:00 DEBUG 28971 --- [http-nio-8080-exec-4] o.s.web.servlet.DispatcherServlet        : GET "/DnsAdmin/webjars/bootstrap/5.1.3/js/bootstrap.min.js", parameters={}
2023-09-10T16:31:38.801+03:00 DEBUG 28971 --- [http-nio-8080-exec-4] o.s.w.s.handler.SimpleUrlHandlerMapping  : Mapped to ResourceHttpRequestHandler [classpath [META-INF/resources/webjars/]]
2023-09-10T16:31:38.802+03:00 DEBUG 28971 --- [http-nio-8080-exec-2] o.s.web.servlet.DispatcherServlet        : Completed 200 OK
2023-09-10T16:31:38.803+03:00 DEBUG 28971 --- [http-nio-8080-exec-5] o.s.web.servlet.DispatcherServlet        : Completed 200 OK
2023-09-10T16:31:38.804+03:00 DEBUG 28971 --- [http-nio-8080-exec-4] o.s.web.servlet.DispatcherServlet        : Completed 200 OK
2023-09-10T16:31:38.823+03:00 DEBUG 28971 --- [http-nio-8080-exec-3] o.s.web.servlet.DispatcherServlet        : GET "/DnsAdmin/webfonts/fa-solid-900.woff2", parameters={}
2023-09-10T16:31:38.824+03:00 DEBUG 28971 --- [http-nio-8080-exec-3] o.s.w.s.handler.SimpleUrlHandlerMapping  : Mapped to ResourceHttpRequestHandler [classpath [META-INF/resources/], classpath [resources/], classpath [static/], classpath [public/], ServletContext [/]]
2023-09-10T16:31:38.826+03:00 DEBUG 28971 --- [http-nio-8080-exec-3] o.s.web.servlet.DispatcherServlet        : Completed 200 OK
2023-09-10T16:31:38.836+03:00 DEBUG 28971 --- [http-nio-8080-exec-6] o.s.web.servlet.DispatcherServlet        : GET "/DnsAdmin/webfonts/fa-regular-400.woff2", parameters={}
2023-09-10T16:31:38.836+03:00 DEBUG 28971 --- [http-nio-8080-exec-6] o.s.w.s.handler.SimpleUrlHandlerMapping  : Mapped to ResourceHttpRequestHandler [classpath [META-INF/resources/], classpath [resources/], classpath [static/], classpath [public/], ServletContext [/]]
2023-09-10T16:31:38.839+03:00 DEBUG 28971 --- [http-nio-8080-exec-8] o.s.web.servlet.DispatcherServlet        : GET "/DnsAdmin/webjars/bootstrap/5.1.3/css/bootstrap.min.css.map", parameters={}
2023-09-10T16:31:38.839+03:00 DEBUG 28971 --- [http-nio-8080-exec-6] o.s.web.servlet.DispatcherServlet        : Completed 200 OK
2023-09-10T16:31:38.840+03:00 DEBUG 28971 --- [http-nio-8080-exec-8] o.s.w.s.handler.SimpleUrlHandlerMapping  : Mapped to ResourceHttpRequestHandler [classpath [META-INF/resources/webjars/]]
2023-09-10T16:31:38.845+03:00 DEBUG 28971 --- [http-nio-8080-exec-8] o.s.web.servlet.DispatcherServlet        : Completed 200 OK
2023-09-10T16:31:38.853+03:00 DEBUG 28971 --- [http-nio-8080-exec-7] o.s.web.servlet.DispatcherServlet        : GET "/DnsAdmin/webjars/bootstrap/5.1.3/js/bootstrap.min.js.map", parameters={}
2023-09-10T16:31:38.854+03:00 DEBUG 28971 --- [http-nio-8080-exec-7] o.s.w.s.handler.SimpleUrlHandlerMapping  : Mapped to ResourceHttpRequestHandler [classpath [META-INF/resources/webjars/]]
2023-09-10T16:31:38.857+03:00 DEBUG 28971 --- [http-nio-8080-exec-7] o.s.web.servlet.DispatcherServlet        : Completed 200 OK
2023-09-10T16:36:00.843+03:00  INFO 28971 --- [SpringApplicationShutdownHook] j.LocalContainerEntityManagerFactoryBean : Closing JPA EntityManagerFactory for persistence unit 'default'
2023-09-10T16:36:00.848+03:00  INFO 28971 --- [SpringApplicationShutdownHook] com.zaxxer.hikari.HikariDataSource       : HikariPool-1 - Shutdown initiated...
2023-09-10T16:36:00.870+03:00  INFO 28971 --- [SpringApplicationShutdownHook] com.zaxxer.hikari.HikariDataSource       : HikariPool-1 - Shutdown completed.
